Rectors already with D11 projects: 29
Rectors needing D11 projects: ['ErrorCurrentErrorHandlerRector', 'FileSystemBasenameToNativeRector', 'LoadAllIncludesRector', 'MigrateSqlGetMigrationPluginManagerRector', 'NodeStorageDeprecatedMethodsRector', 'PluginBaseIsConfigurableRector', 'RemoveAutomatedCronSubmitHandlerRector', 'RemoveLinkWidgetValidateTitleElementRector', 'RemoveModuleHandlerAddModuleCallsRector', 'RemoveModuleHandlerDeprecatedMethodsRector', 'RemoveSetUriCallbackRector', 'RemoveTrustDataCallRector', 'RenameStopProceduralHookScanRector', 'ReplaceCommentManagerGetCountNewCommentsRector', 'ReplaceEntityOriginalPropertyRector', 'ReplaceLocaleConfigBatchFunctionsRector', 'ReplaceNodeSetPreviewModeRector', 'StatementPrefetchIteratorFetchColumnRector', 'StripMigrationDependenciesExpandArgRector', 'UseEntityTypeHasIntegerIdRector', 'ReplaceRebuildThemeDataRector']

Searching for D11 modules for ErrorCurrentErrorHandlerRector...

Searching for D11 modules for FileSystemBasenameToNativeRector...
  '->basename(' page 1: 100 hits
  '->basename(' page 2: 100 hits
  '->basename(' page 3: 100 hits
  '->basename(' page 4: 100 hits
    ✓ D11: project/ejectorseat
  '->basename(' page 5: 100 hits
  '->basename(' page 6: 100 hits
  '->basename(' page 7: 100 hits
  '->basename(' page 8: 100 hits
  '->basename(' page 9: 100 hits
  '->basename(' page 10: 100 hits

Searching for D11 modules for LoadAllIncludesRector...
  '->loadAllIncludes(' page 1: 100 hits
  '->loadAllIncludes(' page 2: 100 hits
  '->loadAllIncludes(' page 3: 100 hits
  '->loadAllIncludes(' page 4: 100 hits
  '->loadAllIncludes(' page 5: 100 hits
  '->loadAllIncludes(' page 6: 100 hits
  '->loadAllIncludes(' page 7: 100 hits
  '->loadAllIncludes(' page 8: 100 hits
  '->loadAllIncludes(' page 9: 100 hits
  '->loadAllIncludes(' page 10: 100 hits

Searching for D11 modules for MigrateSqlGetMigrationPluginManagerRector...
  '->getMigrationPluginManager(' page 1: 100 hits
  '->getMigrationPluginManager(' page 2: 100 hits
  '->getMigrationPluginManager(' page 3: 100 hits
  '->getMigrationPluginManager(' page 4: 100 hits
  '->getMigrationPluginManager(' page 5: 100 hits
  '->getMigrationPluginManager(' page 6: 100 hits
  '->getMigrationPluginManager(' page 7: 100 hits
  '->getMigrationPluginManager(' page 8: 100 hits
  '->getMigrationPluginManager(' page 9: 100 hits
  '->getMigrationPluginManager(' page 10: 100 hits

Searching for D11 modules for NodeStorageDeprecatedMethodsRector...
  '->revisionIds(' page 1: 100 hits
  '->revisionIds(' page 2: 100 hits
  '->revisionIds(' page 3: 100 hits
  '->revisionIds(' page 4: 100 hits
  '->revisionIds(' page 5: 100 hits
    ✓ D11: project/tb_megamenu
  '->revisionIds(' page 6: 100 hits
  '->revisionIds(' page 7: 100 hits
  '->revisionIds(' page 8: 100 hits
  '->revisionIds(' page 9: 100 hits
  '->revisionIds(' page 10: 100 hits

Searching for D11 modules for PluginBaseIsConfigurableRector...
  '->isConfigurable(' page 1: 100 hits
  '->isConfigurable(' page 2: 100 hits
  '->isConfigurable(' page 3: 100 hits
  '->isConfigurable(' page 4: 100 hits
  '->isConfigurable(' page 5: 100 hits
  '->isConfigurable(' page 6: 100 hits
  '->isConfigurable(' page 7: 100 hits
  '->isConfigurable(' page 8: 100 hits
  '->isConfigurable(' page 9: 100 hits
  '->isConfigurable(' page 10: 100 hits

Searching for D11 modules for RemoveAutomatedCronSubmitHandlerRector...

Searching for D11 modules for RemoveLinkWidgetValidateTitleElementRector...

Searching for D11 modules for RemoveModuleHandlerAddModuleCallsRector...
  '->addModule(' page 1: 100 hits
  '->addModule(' page 2: 100 hits
  '->addModule(' page 3: 100 hits
  '->addModule(' page 4: 100 hits
  '->addModule(' page 5: 100 hits
  '->addModule(' page 6: 100 hits
  '->addModule(' page 7: 100 hits
  '->addModule(' page 8: 100 hits
  '->addModule(' page 9: 100 hits
  '->addModule(' page 10: 100 hits

Searching for D11 modules for RemoveModuleHandlerDeprecatedMethodsRector...
  '->writeCache(' page 1: 100 hits
  '->writeCache(' page 2: 100 hits
  '->writeCache(' page 3: 100 hits
  '->writeCache(' page 4: 100 hits
  '->writeCache(' page 5: 100 hits
  '->writeCache(' page 6: 100 hits
  '->writeCache(' page 7: 100 hits
  '->writeCache(' page 8: 100 hits
  '->writeCache(' page 9: 100 hits
  '->writeCache(' page 10: 100 hits
  '->getHookInfo(' page 1: 100 hits
  '->getHookInfo(' page 2: 100 hits
  '->getHookInfo(' page 3: 100 hits
  '->getHookInfo(' page 4: 100 hits
  '->getHookInfo(' page 5: 100 hits
  '->getHookInfo(' page 6: 100 hits
  '->getHookInfo(' page 7: 100 hits
  '->getHookInfo(' page 8: 100 hits
  '->getHookInfo(' page 9: 100 hits
  '->getHookInfo(' page 10: 100 hits

Searching for D11 modules for RemoveSetUriCallbackRector...
  '->setUriCallback(' page 1: 100 hits
  '->setUriCallback(' page 2: 100 hits
  '->setUriCallback(' page 3: 100 hits
  '->setUriCallback(' page 4: 100 hits
  '->setUriCallback(' page 5: 100 hits
  '->setUriCallback(' page 6: 100 hits
  '->setUriCallback(' page 7: 100 hits
  '->setUriCallback(' page 8: 100 hits
  '->setUriCallback(' page 9: 100 hits
  '->setUriCallback(' page 10: 100 hits

Searching for D11 modules for RemoveTrustDataCallRector...
  '->trustData(' page 1: 100 hits
  '->trustData(' page 2: 100 hits
  '->trustData(' page 3: 100 hits
  '->trustData(' page 4: 100 hits
  '->trustData(' page 5: 100 hits
  '->trustData(' page 6: 100 hits
  '->trustData(' page 7: 100 hits
  '->trustData(' page 8: 100 hits
  '->trustData(' page 9: 100 hits
  '->trustData(' page 10: 100 hits

Searching for D11 modules for RenameStopProceduralHookScanRector...

Searching for D11 modules for ReplaceCommentManagerGetCountNewCommentsRector...
  '->getCountNewComments(' page 1: 100 hits
  '->getCountNewComments(' page 2: 100 hits
  '->getCountNewComments(' page 3: 100 hits
  '->getCountNewComments(' page 4: 100 hits
  '->getCountNewComments(' page 5: 100 hits
  '->getCountNewComments(' page 6: 100 hits
  '->getCountNewComments(' page 7: 100 hits
  '->getCountNewComments(' page 8: 100 hits
  '->getCountNewComments(' page 9: 100 hits
  '->getCountNewComments(' page 10: 100 hits

Searching for D11 modules for ReplaceEntityOriginalPropertyRector...
  '->original' page 1: 100 hits
  '->original' page 2: 100 hits
  '->original' page 3: 100 hits
  '->original' page 4: 100 hits
  '->original' page 5: 100 hits
  '->original' page 6: 100 hits
  '->original' page 7: 100 hits
  '->original' page 8: 100 hits
  '->original' page 9: 100 hits
  '->original' page 10: 100 hits

Searching for D11 modules for ReplaceLocaleConfigBatchFunctionsRector...

Searching for D11 modules for ReplaceNodeSetPreviewModeRector...
  '->setPreviewMode(' page 1: 100 hits
  '->setPreviewMode(' page 2: 100 hits
  '->setPreviewMode(' page 3: 100 hits
  '->setPreviewMode(' page 4: 100 hits
  '->setPreviewMode(' page 5: 100 hits
  '->setPreviewMode(' page 6: 100 hits
  '->setPreviewMode(' page 7: 100 hits
  '->setPreviewMode(' page 8: 100 hits
  '->setPreviewMode(' page 9: 100 hits
  '->setPreviewMode(' page 10: 100 hits

Searching for D11 modules for StatementPrefetchIteratorFetchColumnRector...

Searching for D11 modules for StripMigrationDependenciesExpandArgRector...
  '->getMigrationDependencies(' page 1: 100 hits
  '->getMigrationDependencies(' page 2: 100 hits
  '->getMigrationDependencies(' page 3: 100 hits
  '->getMigrationDependencies(' page 4: 100 hits
  '->getMigrationDependencies(' page 5: 100 hits
  '->getMigrationDependencies(' page 6: 100 hits
  '->getMigrationDependencies(' page 7: 100 hits
  '->getMigrationDependencies(' page 8: 100 hits
  '->getMigrationDependencies(' page 9: 100 hits
  '->getMigrationDependencies(' page 10: 100 hits

Searching for D11 modules for UseEntityTypeHasIntegerIdRector...
  '->getEntityTypeIdKeyType(' page 1: 100 hits
  '->getEntityTypeIdKeyType(' page 2: 100 hits
  '->getEntityTypeIdKeyType(' page 3: 100 hits
  '->getEntityTypeIdKeyType(' page 4: 100 hits
  '->getEntityTypeIdKeyType(' page 5: 100 hits
  '->getEntityTypeIdKeyType(' page 6: 100 hits
  '->getEntityTypeIdKeyType(' page 7: 100 hits
  '->getEntityTypeIdKeyType(' page 8: 100 hits
  '->getEntityTypeIdKeyType(' page 9: 100 hits
  '->getEntityTypeIdKeyType(' page 10: 100 hits
  '->entityTypeSupportsComments(' page 1: 100 hits
  '->entityTypeSupportsComments(' page 2: 100 hits
  '->entityTypeSupportsComments(' page 3: 100 hits
  '->entityTypeSupportsComments(' page 4: 100 hits
  '->entityTypeSupportsComments(' page 5: 100 hits
  '->entityTypeSupportsComments(' page 6: 100 hits
  '->entityTypeSupportsComments(' page 7: 100 hits
  '->entityTypeSupportsComments(' page 8: 100 hits
  '->entityTypeSupportsComments(' page 9: 100 hits
  '->entityTypeSupportsComments(' page 10: 100 hits

Searching for D11 modules for ReplaceRebuildThemeDataRector...
  '->rebuildThemeData(' page 1: 100 hits
  '->rebuildThemeData(' page 2: 100 hits
  '->rebuildThemeData(' page 3: 100 hits
  '->rebuildThemeData(' page 4: 100 hits
  '->rebuildThemeData(' page 5: 100 hits
  '->rebuildThemeData(' page 6: 100 hits
  '->rebuildThemeData(' page 7: 100 hits
  '->rebuildThemeData(' page 8: 100 hits
  '->rebuildThemeData(' page 9: 100 hits
  '->rebuildThemeData(' page 10: 100 hits

=== Summary ===
FileSystemBasenameToNativeRector: ['project/ejectorseat']
NodeStorageDeprecatedMethodsRector: ['project/tb_megamenu']
