
LoadAllIncludesRector: 'loadAllIncludes ModuleHandler'
  page 1: 17 hits
    skip: project/service_container
    skip: project/openlayers
    skip: project/schema
  ✓ D11: project/migrate_boost
  ✓ D11: project/config_track
    skip: project/nuclear
    skip: project/hook_event
    skip: project/sir_trevor
  ✓ D11: project/hux
    skip: project/hook_event_dispatcher
    skip: project/qd_screenshottests
  ✓ D11: project/update_worker
  ✓ D11: project/drupalmoduleupgrader
  ✓ D11: project/graphapi
  ✓ D11: project/schemadotorg
    skip: project/xmlsitemap

MigrateSqlGetMigrationPluginManagerRector: 'getMigrationPluginManager migrate'
  page 1: 3 hits
  ✓ D11: project/feeds_migrate
  ✓ D11: project/smart_sql_idmap
  ✓ D11: project/migmag

PluginBaseIsConfigurableRector: 'isConfigurable PluginBase'
  page 1: 31 hits
  ✓ D11: project/localgov_publications_importer
  ✓ D11: project/autotagger
  ✓ D11: project/api
    skip: project/tracardi
    skip: project/entity_embed_extras
  ✓ D11: project/content_planner
    skip: project/tripal
  ✓ D11: project/plugin_constructor_factory
    skip: project/blaze
  ✓ D11: project/metatag
  ✓ D11: project/json_drop_api
    skip: project/elasticsearch_helper_views
  ✓ D11: project/localgov_elections
  ✓ D11: project/geocoder
    skip: project/table_of_contents
  ✓ D11: project/oswald
  ✓ D11: project/xbbcode
  ✓ D11: project/localgov_publications_importer_copilot
  ✓ D11: project/views_bulk_operations
  ✓ D11: project/search_api
    skip: project/deprecation_status

RemoveModuleHandlerAddModuleCallsRector: 'addModule ModuleHandlerInterface'
  page 1: 24 hits
    skip: project/service
  ✓ D11: project/depcalc
  ✓ D11: project/fleetview_client
  ✓ D11: project/sdx
  ✓ D11: project/simplifying
  ✓ D11: project/ai_watchdog_analyst
  ✓ D11: project/acquia_contenthub
  ✓ D11: project/component_entity
  ✓ D11: project/ai_vdb_provider_pinecone
  ✓ D11: project/ai_vdb_provider_milvus
  ✓ D11: project/rift_recipe
    skip: project/views_config_field

RemoveModuleHandlerDeprecatedMethodsRector: 'writeCache ModuleHandler'
  page 1: 20 hits
    skip: project/hooks
  ✓ D11: project/jsonld
    skip: project/hal
    skip: project/skinr
    skip: project/s3fs
  ✓ D11: project/captcha
    skip: project/gclient_storage

RemoveSetUriCallbackRector: 'setUriCallback EntityType'
  page 1: 2 hits
  ✓ D11: project/rabbit_hole_href
    skip: project/i18n

RemoveTrustDataCallRector: 'trustData Config'
  page 1: 86 hits
  ✓ D11: project/eca
    skip: project/canvas
  ✓ D11: project/parameters
  ✓ D11: project/slots
  ✓ D11: project/cms_core
    skip: project/social
    skip: project/commerce_order_action_reassign_owner
    skip: project/config_actions
  ✓ D11: project/userprotect
    skip: project/social_lms_integrator
  ✓ D11: project/acquia_cms_headless
  ✓ D11: project/storage
  ✓ D11: project/config_plus
  ✓ D11: project/views_dependent_filters
  ✓ D11: project/complete_webform_exporter
  ✓ D11: project/workbench_moderation_actions
  ✓ D11: project/smart_title
    skip: project/apigee_edge
  ✓ D11: project/monitoring
  ✓ D11: project/varbase_workflow
    skip: project/hn
  ✓ D11: project/commerce_square
    skip: project/gcontent_moderation
    skip: project/bene
  ✓ D11: project/preview_site
    skip: project/degov
    skip: project/acquia_migrate
  ✓ D11: project/acquia_starterkits
  ✓ D11: project/scheduled_publish
  ✓ D11: project/output_format_api
  ✓ D11: project/workbench_email
    skip: project/price
  ✓ D11: project/theming_tools
  ✓ D11: project/elasticsearch_helper
    skip: project/blazy
    skip: project/mailgroup
    skip: project/dxpr_marketing_cms
    skip: project/braintree_cashier
  ✓ D11: project/epm
  ✓ D11: project/og
    skip: project/razoreye_biz
    skip: project/tiendaparamipyme
  ✓ D11: project/redirect
    skip: project/core_extend
    skip: project/pankm
  ✓ D11: project/pluggable_entity_view_builder
  ✓ D11: project/gutenberg
    skip: project/field_permissions_group
  ✓ D11: project/group
    skip: project/foldershare
    skip: project/group_entity
  ✓ D11: project/flag
  ✓ D11: project/simplenews
  ✓ D11: project/entity_browser
  ✓ D11: project/eca_cm
  ✓ D11: project/jsonapi

ReplaceCommentManagerGetCountNewCommentsRector: 'getCountNewComments CommentManager'
  page 1: 4 hits
  ✓ D11: project/history
    skip: project/comment_perm
  ✓ D11: project/forum

ReplaceEntityOriginalPropertyRector: '->original EntityInterface'
  page 1: 100 hits
    skip: project/tdt_client
    skip: project/entity_orm
    skip: project/re_mgr
  ✓ D11: project/languagewire_translation_provider
    skip: project/cache_entity_type
    skip: project/plug
  ✓ D11: project/drd
    skip: project/hidden_tab
  ✓ D11: project/ptools
  ✓ D11: project/media_acquiadam
    skip: project/plug_config
  ✓ D11: project/typed_entity
  ✓ D11: project/child_entity
    skip: project/records
  ✓ D11: project/experience_builder
    skip: project/fluxservice
    skip: project/dplor
  ✓ D11: project/external_entity
    skip: project/maps_suite
    skip: project/pagebuilder
    skip: project/entity_keyvalue
  ✓ D11: project/ckeditor_mentions
  ✓ D11: project/entity_value_inheritance
    skip: project/drupal_coverage_core
  ✓ D11: project/entity_io
  ✓ D11: project/conflict
    skip: project/yamlform
    skip: project/dea
  ✓ D11: project/orange_dam
  ✓ D11: project/a12s_maps_sync
    skip: project/lingotek
    skip: project/kafka_event_publisher
    skip: project/field_validation
    skip: project/reactive
    skip: project/flow
    skip: project/userpoints
    skip: project/elasticsearch_connect
  ✓ D11: project/entity_embed
  ✓ D11: project/entity_reference_manager
  ✓ D11: project/simplenews_stats
  ✓ D11: project/variants
    skip: project/entity_pilot
  ✓ D11: project/nofraud
  ✓ D11: project/entity_webhook
  ✓ D11: project/phpedu_profile
  ✓ D11: project/reader
  ✓ D11: project/gotem_content_moderation
    skip: project/apitools
  ✓ D11: project/paragraph_view_mode
    skip: project/admin_content_notification
  ✓ D11: project/activitypub
  ✓ D11: project/navigation_plus
  ✓ D11: project/content_synchronizer
  ✓ D11: project/custom_elements
  ✓ D11: project/edit_plus
    skip: project/action_queue
    skip: project/test_support
    skip: project/entity_change_notifier
  ✓ D11: project/standalone
    skip: project/lti_tool_provider

ReplaceNodeSetPreviewModeRector: 'setPreviewMode NodeType'
  page 1: 23 hits
  ✓ D11: project/responsive_preview
    skip: project/archimedes
    skip: project/drupal_cms
  ✓ D11: project/ai_agents
    skip: project/convene
    skip: project/provus_gov_recipe
  ✓ D11: project/node_type_defaults
    skip: project/haven
    skip: project/caresphere
    skip: project/healthcare
    skip: project/provus_duswds_recipe
    skip: project/provus_edu
    skip: project/mercury_demo
    skip: project/local
    skip: project/pulse
    skip: project/convivial_gov
  ✓ D11: project/sdx_drast
  ✓ D11: project/sdx_engine
  ✓ D11: project/metadata_hex
    skip: project/communications
  ✓ D11: project/ai_agents_experimental_collection

ReplaceRebuildThemeDataRector: 'rebuildThemeData ThemeHandler'
  page 1: 63 hits
    skip: project/console
  ✓ D11: project/site_guardian
    skip: project/koality_theme_generator
  ✓ D11: project/theme_per_user
    skip: project/omega
    skip: project/provision
  ✓ D11: project/libraries_ui
    skip: project/micro_theme
    skip: project/at_tools
    skip: project/at_tool
    skip: project/guru
    skip: project/monix
    skip: project/localgov_microsites_project
    skip: project/views_system
    skip: project/openrestaurant
  ✓ D11: project/openy
  ✓ D11: project/edw_healthcheck
    skip: project/install_profile_generator
    skip: project/at_theme
  ✓ D11: project/l10n_update_bundled
    skip: project/library_field
  ✓ D11: project/ai_components
    skip: project/cookie_blocking_libraries
  ✓ D11: project/mercury_editor
    skip: project/demo_content
  ✓ D11: project/dropsolid_rocketship_profile
    skip: project/quick_pages
  ✓ D11: project/guswds
  ✓ D11: project/gesso
  ✓ D11: project/theme_file_editor
    skip: project/amp
    skip: project/extensions_api
    skip: project/rocketship_florista_demo_profile
    skip: project/basic
    skip: project/hops
    skip: project/cm_config_tools
    skip: project/visualn_libraries
    skip: project/editablevar
    skip: project/civictheme
    skip: project/demo_design_system

StripMigrationDependenciesExpandArgRector: 'getMigrationDependencies Migration'
  page 1: 60 hits
  ✓ D11: project/migrate_plus
    skip: project/forgery
  ✓ D11: project/paragraphs
  ✓ D11: project/smart_migrate_cli
    skip: project/paragraphs_migration
  ✓ D11: project/migrate_tools
    skip: project/media_migration
    skip: project/migrate_gathercontent
  ✓ D11: project/wordpress_migrate
    skip: project/location_migration
  ✓ D11: project/migrate_plus_ui
  ✓ D11: project/geolocation
    skip: project/openfed_migrate
    skip: project/entity_staging
  ✓ D11: project/entity_import
    skip: project/bigcommerce
    skip: project/amoebacrm
    skip: project/ekan
    skip: project/wxt
  ✓ D11: project/migrate_queue_importer
    skip: project/openy_gated_content
  ✓ D11: project/migrate_from_services
    skip: project/migrate_upgrade
    skip: project/migrate_run
  ✓ D11: project/crm_migrate_node

UseEntityTypeHasIntegerIdRector: 'getEntityTypeIdKeyType'
  page 1: 48 hits
    skip: project/mcet
  ✓ D11: project/workflow_participants
    skip: project/mpr
  ✓ D11: project/apigee_m10n
  ✓ D11: project/workbench_moderation
  ✓ D11: project/intercept
    skip: project/entity_activity
    skip: project/contacts_events
  ✓ D11: project/commerce_invoice
    skip: project/commerce_invoice_ubl
  ✓ D11: project/homebox
  ✓ D11: project/commerce_eta
  ✓ D11: project/display_builder
    skip: project/content_entity_base
  ✓ D11: project/role_request
    skip: project/wsdata
    skip: project/virtualcare
  ✓ D11: project/entity
    skip: project/openy_digital_signage
  ✓ D11: project/localgov_alert_banner
    skip: project/commerce_refund
    skip: project/view_api_response
    skip: project/entities_import
  ✓ D11: project/easy_email
    skip: project/commerce_inventory
  ✓ D11: project/paragraphs_edit
    skip: project/complex_workflow
    skip: project/redhen
    skip: project/guidelines
  ✓ D11: project/association
    skip: project/omdb_api

=== Results ===
LoadAllIncludesRector: ['project/migrate_boost', 'project/config_track', 'project/hux', 'project/update_worker', 'project/drupalmoduleupgrader', 'project/graphapi', 'project/schemadotorg']
MigrateSqlGetMigrationPluginManagerRector: ['project/feeds_migrate', 'project/smart_sql_idmap', 'project/migmag']
PluginBaseIsConfigurableRector: ['project/localgov_publications_importer', 'project/autotagger', 'project/api', 'project/content_planner', 'project/plugin_constructor_factory', 'project/metatag', 'project/json_drop_api', 'project/localgov_elections', 'project/geocoder', 'project/oswald', 'project/xbbcode', 'project/localgov_publications_importer_copilot', 'project/views_bulk_operations', 'project/search_api']
RemoveModuleHandlerAddModuleCallsRector: ['project/depcalc', 'project/fleetview_client', 'project/sdx', 'project/simplifying', 'project/ai_watchdog_analyst', 'project/acquia_contenthub', 'project/component_entity', 'project/ai_vdb_provider_pinecone', 'project/ai_vdb_provider_milvus', 'project/rift_recipe']
RemoveModuleHandlerDeprecatedMethodsRector: ['project/jsonld', 'project/captcha']
RemoveSetUriCallbackRector: ['project/rabbit_hole_href']
RemoveTrustDataCallRector: ['project/eca', 'project/parameters', 'project/slots', 'project/cms_core', 'project/userprotect', 'project/acquia_cms_headless', 'project/storage', 'project/config_plus', 'project/views_dependent_filters', 'project/complete_webform_exporter', 'project/workbench_moderation_actions', 'project/smart_title', 'project/monitoring', 'project/varbase_workflow', 'project/commerce_square', 'project/preview_site', 'project/acquia_starterkits', 'project/scheduled_publish', 'project/output_format_api', 'project/workbench_email', 'project/theming_tools', 'project/elasticsearch_helper', 'project/epm', 'project/og', 'project/redirect', 'project/pluggable_entity_view_builder', 'project/gutenberg', 'project/group', 'project/flag', 'project/simplenews', 'project/entity_browser', 'project/eca_cm', 'project/jsonapi']
ReplaceCommentManagerGetCountNewCommentsRector: ['project/history', 'project/forum']
ReplaceEntityOriginalPropertyRector: ['project/languagewire_translation_provider', 'project/drd', 'project/ptools', 'project/media_acquiadam', 'project/typed_entity', 'project/child_entity', 'project/experience_builder', 'project/external_entity', 'project/ckeditor_mentions', 'project/entity_value_inheritance', 'project/entity_io', 'project/conflict', 'project/orange_dam', 'project/a12s_maps_sync', 'project/entity_embed', 'project/entity_reference_manager', 'project/simplenews_stats', 'project/variants', 'project/nofraud', 'project/entity_webhook', 'project/phpedu_profile', 'project/reader', 'project/gotem_content_moderation', 'project/paragraph_view_mode', 'project/activitypub', 'project/navigation_plus', 'project/content_synchronizer', 'project/custom_elements', 'project/edit_plus', 'project/standalone']
ReplaceNodeSetPreviewModeRector: ['project/responsive_preview', 'project/ai_agents', 'project/node_type_defaults', 'project/sdx_drast', 'project/sdx_engine', 'project/metadata_hex', 'project/ai_agents_experimental_collection']
ReplaceRebuildThemeDataRector: ['project/site_guardian', 'project/theme_per_user', 'project/libraries_ui', 'project/openy', 'project/edw_healthcheck', 'project/l10n_update_bundled', 'project/ai_components', 'project/mercury_editor', 'project/dropsolid_rocketship_profile', 'project/guswds', 'project/gesso', 'project/theme_file_editor']
StripMigrationDependenciesExpandArgRector: ['project/migrate_plus', 'project/paragraphs', 'project/smart_migrate_cli', 'project/migrate_tools', 'project/wordpress_migrate', 'project/migrate_plus_ui', 'project/geolocation', 'project/entity_import', 'project/migrate_queue_importer', 'project/migrate_from_services', 'project/crm_migrate_node']
UseEntityTypeHasIntegerIdRector: ['project/workflow_participants', 'project/apigee_m10n', 'project/workbench_moderation', 'project/intercept', 'project/commerce_invoice', 'project/homebox', 'project/commerce_eta', 'project/display_builder', 'project/role_request', 'project/entity', 'project/localgov_alert_banner', 'project/easy_email', 'project/paragraphs_edit', 'project/association']
